C:\Users\Chloe Quinto\Desktop\lab2\1.1.lst - generated by MGTEK Assembler ASM12 V1.26 Build 144 for WIN32 (x86) - Wed Feb 21 16:25:46 2018

    1:          =00007000              PROG:   EQU     $7000
    2:          =00004000              DATA:   EQU     $4000
    3:                                         
    4:          =00004000                      ORG     DATA
    5:     4000 +000F                  BUF1:   DS.B    15
    6:          =00004010                      ORG     DATA+$10
    7:     4010 +000F                  BUF2:   DS.B    15
    8:          =00004020                      ORG     DATA+$20
    9:     4020 +000F                  BUF3:   DS.B    15
   10:          =00004030                      ORG     DATA+$30
   11:     4030 +000F                  BUF4:   DS.B    15
   12:          =00007000                      ORG     PROG
   13:     7000 86 0F                          ldaa    #15
   14:                                         
   15:     7002 CE 7052                        ldx     #DATA1
   16:     7005 CD 4000                        ldy     #BUF1
   17:     7008 180A 30 70             loop:   movb    1,x+,1,y+
   18:     700C 04 30 F9                       dbne    a,loop
   19:     700F 86 0F                          ldaa    #15
   20:                                         
   21:     7011 CE 7061                        ldx     #DATA2
   22:     7014 CD 4010                        ldy     #BUF2
   23:     7017 180A 30 70             loop2:  movb    1,x+,1,y+
   24:     701B 04 30 F9                       dbne    a,loop2
   25:     701E 86 0F                          ldaa    #15
   26:                                         
   27:     7020 CE 4000                        ldx     #BUF1
   28:     7023 CD 4020                        ldy     #BUF3
   29:     7026 180A 30 70             loop3:  movb    1,x+,1,y+
   30:     702A 04 30 F9                       dbne    a,loop3
   31:     702D 86 0F                          ldaa    #15
   32:                                 
   33:     702F CE 4010                        ldx     #BUF2
   34:     7032 CD 4020                        ldy     #BUF3
   35:     7035 E6 30                  loop4:  ldab    1,x+
   36:     7037 EB 40                          addb    0,y
   37:     7039 6B 70                          stab    1,y+
   38:     703B 04 30 F7                       dbne    a,loop4
   39:                                 
   40:     703E 86 0F                          ldaa    #15
   41:     7040 C6 20                          ldab    #$20
   42:     7042 CE 4020                        ldx     #BUF3
   43:     7045 CD 4030                        ldy     #BUF4
   44:     7048 E8 30                  loop5:  eorb    1,x+
   45:     704A 6B 70                          stab    1,y+
   46:     704C C6 20                          ldab    #$20
   47:     704E 04 30 F7                       dbne    a,loop5
   48:     7051 3F                             swi
   49:     7052 48 41 56 45 20 41      DATA1:  DC.B    $48, $41, $56, $45,$20,$41,$20,$47, $4F, $4F, $44, $20, $44, $41, $59
           7058 20 47 4F 4F 44 20 
           705E 44 41 59 
   50:     7061 0F 04 F6 FE 2F 0C      DATA2:  DC.B    $0F, $04, $F6, $FE, $2F, $0C, $25, $D9, $05, $00, $DC, $2C, $1D, $21, $1A
           7067 25 D9 05 00 DC 2C 
           706D 1D 21 1A 
   51:                                         

Symbols:
buf1                            *00004000
buf2                            *00004010
buf3                            *00004020
buf4                            *00004030
data                            *00004000
data1                           *00007052
data2                           *00007061
loop                            *00007008
loop2                           *00007017
loop3                           *00007026
loop4                           *00007035
loop5                           *00007048
prog                            *00007000

