C:\Users\Chloe Quinto\Desktop\lab2\1.2.lst - generated by MGTEK Assembler ASM12 V1.26 Build 144 for WIN32 (x86) - Wed Feb 21 16:41:04 2018

    1:          =00005000                      ORG     $5000
    2:          =00000014              N:      EQU     20
    3:     5000 23 74 55 C2 00 17      DATA:   DC.B    $23, $74, $55, $C2, $00, $17, $F3, $BD, $A8, $38
           5006 F3 BD A8 38 
    4:     500A 67 97 66 08 7A EF              DC.B    $67, $97, $66, $08, $7A, $EF, $4B, $43, $1A, $28 
           5010 4B 43 1A 28 
    5:                                 
    6:          =00005020                      ORG     $5020
    7:                                 
    8:     5020 +0001                  MAXS:   DS.B    1
    9:     5021 +0001                  MAXU:   DS.B    1
   10:                                 
   11:                                 
   12:          =00006000                      ORG     $6000
   13:     6000 180C 5000 5020                 movb    DATA, MAXS
   14:     6006 CE 5001                        ldx     #DATA+1
   15:     6009 C6 13                          ldab    #N-1
   16:     600B A6 30                  loop:   ldaa    1, X+   
   17:     600D B1 5020                        cmpa    MAXS
   18:     6010 2F 03                          ble     skip
   19:     6012 7A 5020                        staa    MAXS
   20:     6015 04 31 F3               skip:   dbne    b,loop
   21:                                         
   22:     6018 180C 5000 5021                 movb    DATA, MAXU
   23:     601E CE 5001                        ldx     #DATA+1 
   24:     6021 C6 13                          ldab    #N-1
   25:     6023 A6 30                  loop2:  ldaa    1, X+
   26:     6025 B1 5021                        cmpa    MAXU
   27:     6028 25 03                          blo     skip2
   28:     602A 7A 5021                        staa    MAXU
   29:     602D 04 31 F3               skip2:  dbne    b,loop2
   30:                                 
   31:     6030 3F                             swi
   32:                                                 

Symbols:
data                            *00005000
loop                            *0000600b
loop2                           *00006023
maxs                            *00005020
maxu                            *00005021
n                               *00000014
skip                            *00006015
skip2                           *0000602d

